<?xml version="1.0" encoding="UTF-8"?>
<!-- Generated by org.testng.reporters.JUnitReportReporter -->
<testsuite skipped="0" hostname="DESKTOP-NK1SJPV" name="com.tingzi.TestDemo" tests="1" failures="0" timestamp="26 十一月 2020 05:56:01 GMT" time="0.021" errors="0">
  <testcase name="testadd" time="0.021" classname="com.tingzi.TestDemo"/>
</testsuite> <!-- com.tingzi.TestDemo -->
